<?xml version="1.0" encoding="UTF-8"?>
<testng-results ignored="0" total="1" passed="1" failed="0" skipped="0">
  <reporter-output>
  </reporter-output>
  <suite started-at="2026-08-03T15:34:16 IST" name="Default suite" finished-at="2026-08-03T15:34:16 IST" duration-ms="136">
    <groups>
      <group name="regression">
        <method signature="DemoTest1.add()[pri:0, instance:Demo.DemoTest1@4fb0f2b9]" name="add" class="Demo.DemoTest1"/>
      </group> <!-- regression -->
    </groups>
    <test started-at="2026-08-03T15:34:16 IST" name="Default test" finished-at="2026-08-03T15:34:16 IST" duration-ms="136">
      <class name="Demo.DemoTest1">
        <test-method signature="add()[pri:0, instance:Demo.DemoTest1@4fb0f2b9]" started-at="2026-08-03T15:34:16 IST" name="add" finished-at="2026-08-03T15:34:16 IST" duration-ms="17" status="PASS">
          <reporter-output>
          </reporter-output>
        </test-method> <!-- add -->
      </class> <!-- Demo.DemoTest1 -->
    </test> <!-- Default test -->
  </suite> <!-- Default suite -->
</testng-results>
